app/build/outputs/logs/manifest-merger-debug-report.txt
-- Merging decision tree log ---
manifest
ADDED from AndroidManifest.xml:2:1
	package
		ADDED from AndroidManifest.xml:3:5
		INJECTED from AndroidManifest.xml:0:0
		INJECTED from AndroidManifest.xml:0:0
	android:versionName
		INJECTED from AndroidManifest.xml:0:0
		INJECTED from AndroidManifest.xml:0:0
	xmlns:android
		ADDED from AndroidManifest.xml:2:11
	android:versionCode
		INJECTED from AndroidManifest.xml:0:0
		INJECTED from AndroidManifest.xml:0:0
uses-permission#android.permission.INTERNET
ADDED from AndroidManifest.xml:5:5
	android:name
		ADDED from AndroidManifest.xml:5:22
dependency
ADDED from AndroidManifest.xml:7:5
groupId
ADDED from AndroidManifest.xml:8:9
artifactId
ADDED from AndroidManifest.xml:12:9
version
ADDED from AndroidManifest.xml:16:9
application
ADDED from AndroidManifest.xml:39:5
MERGED from com.facebook.android:facebook-android-sdk:4.3.0:28:5
MERGED from com.android.support:support-v4:23.0.0:22:5
MERGED from com.android.support:appcompat-v7:22.2.0:22:5
MERGED from com.android.support:support-v4:23.0.0:22:5
MERGED from com.android.support:support-v4:23.0.0:22:5
MERGED from com.android.support:cardview-v7:23.0.0:22:5
MERGED from com.github.dexafree:materiallist:3.0.0:11:5
MERGED from com.android.support:appcompat-v7:22.2.0:22:5
MERGED from com.android.support:support-v4:23.0.0:22:5
MERGED from com.android.support:cardview-v7:23.0.0:22:5
MERGED from com.android.support:support-v4:23.0.0:22:5
MERGED from br.com.liveo:navigationdrawer-material:2.3.4:27:5
MERGED from com.android.support:design:22.2.0:22:5
MERGED from com.android.support:appcompat-v7:22.2.0:22:5
MERGED from com.android.support:support-v4:23.0.0:22:5
MERGED from com.android.support:support-v4:23.0.0:22:5
MERGED from com.android.support:appcompat-v7:22.2.0:22:5
MERGED from com.android.support:support-v4:23.0.0:22:5
	android:label
		ADDED from AndroidManifest.xml:42:9
	android:allowBackup
		ADDED from AndroidManifest.xml:40:9
	android:icon
		ADDED from AndroidManifest.xml:41:9
	android:theme
		ADDED from AndroidManifest.xml:43:9
activity#com.example.donkey.versus.MainActivity
ADDED from AndroidManifest.xml:44:9
	android:label
		ADDED from AndroidManifest.xml:46:13
	android:name
		ADDED from AndroidManifest.xml:45:13
intent-filter#android.intent.action.MAIN+android.intent.category.LAUNCHER
ADDED from AndroidManifest.xml:47:13
action#android.intent.action.MAIN
ADDED from AndroidManifest.xml:48:17
	android:name
		ADDED from AndroidManifest.xml:48:25
category#android.intent.category.LAUNCHER
ADDED from AndroidManifest.xml:50:17
	android:name
		ADDED from AndroidManifest.xml:50:27
activity#com.facebook.FacebookActivity
ADDED from AndroidManifest.xml:53:9
	android:label
		ADDED from AndroidManifest.xml:56:13
	android:configChanges
		ADDED from AndroidManifest.xml:55:13
	android:theme
		ADDED from AndroidManifest.xml:57:13
	android:name
		ADDED from AndroidManifest.xml:54:13
meta-data#com.facebook.sdk.ApplicationId
ADDED from AndroidManifest.xml:59:9
	android:value
		ADDED from AndroidManifest.xml:61:13
	android:name
		ADDED from AndroidManifest.xml:60:13
activity#com.example.donkey.versus.RoomHomeActivity
ADDED from AndroidManifest.xml:63:9
	android:label
		ADDED from AndroidManifest.xml:65:13
	android:name
		ADDED from AndroidManifest.xml:64:13
activity#com.example.donkey.versus.newRoomActivity
ADDED from AndroidManifest.xml:67:9
	android:label
		ADDED from AndroidManifest.xml:69:13
	android:name
		ADDED from AndroidManifest.xml:68:13
activity#com.example.donkey.versus.inviteFriendActivity
ADDED from AndroidManifest.xml:71:9
	android:label
		ADDED from AndroidManifest.xml:73:13
	android:name
		ADDED from AndroidManifest.xml:72:13
activity#com.example.donkey.versus.challengeHomeActivity
ADDED from AndroidManifest.xml:75:9
	android:label
		ADDED from AndroidManifest.xml:77:13
	android:name
		ADDED from AndroidManifest.xml:76:13
activity#com.example.donkey.versus.joinActivity
ADDED from AndroidManifest.xml:79:9
	android:label
		ADDED from AndroidManifest.xml:81:13
	android:name
		ADDED from AndroidManifest.xml:80:13
uses-sdk
INJECTED from AndroidManifest.xml:0:0 reason: use-sdk injection requested
MERGED from com.facebook.android:facebook-android-sdk:4.3.0:24:5
MERGED from com.android.support:support-v4:23.0.0:20:5
MERGED from com.android.support:appcompat-v7:22.2.0:20:5
MERGED from com.android.support:support-v4:23.0.0:20:5
MERGED from jp.wasabeef:recyclerview-animators:1.2.2:8:5
MERGED from com.android.support:recyclerview-v7:23.0.0:20:5
MERGED from com.android.support:support-v4:23.0.0:20:5
MERGED from com.android.support:cardview-v7:23.0.0:20:5
MERGED from com.github.dexafree:materiallist:3.0.0:7:5
MERGED from com.android.support:appcompat-v7:22.2.0:20:5
MERGED from com.android.support:support-v4:23.0.0:20:5
MERGED from com.android.support:cardview-v7:23.0.0:20:5
MERGED from com.android.support:recyclerview-v7:23.0.0:20:5
MERGED from com.android.support:support-v4:23.0.0:20:5
MERGED from br.com.liveo:navigationdrawer-material:2.3.4:23:5
MERGED from com.android.support:design:22.2.0:20:5
MERGED from com.android.support:appcompat-v7:22.2.0:20:5
MERGED from com.android.support:support-v4:23.0.0:20:5
MERGED from com.android.support:support-v4:23.0.0:20:5
MERGED from com.android.support:appcompat-v7:22.2.0:20:5
MERGED from com.android.support:support-v4:23.0.0:20:5
MERGED from com.ogaclejapan.smarttablayout:library:1.3.0:8:5
MERGED from com.ogaclejapan.smarttablayout:utils-v4:1.3.0:8:5
	android:targetSdkVersion
		INJECTED from AndroidManifest.xml:0:0
		INJECTED from AndroidManifest.xml:0:0
	android:minSdkVersion
		INJECTED from AndroidManifest.xml:0:0
		INJECTED from AndroidManifest.xml:0:0